-- The C compiler identification is AppleClang 17.0.0.17000603
-- The CXX compiler identification is AppleClang 17.0.0.17000603
-- Detecting C compiler ABI info
-- Detecting C compiler ABI info - done
-- Check for working C compiler: /usr/bin/cc - skipped
-- Detecting C compile features
-- Detecting C compile features - done
-- Detecting CXX compiler ABI info
-- Detecting CXX compiler ABI info - done
-- Check for working CXX compiler: /usr/bin/c++ - skipped
-- Detecting CXX compile features
-- Detecting CXX compile features - done
-- Found ament_cmake: 1.3.12 (/opt/homebrew/Caskroom/miniforge/base/envs/ros2_fsae/share/ament_cmake/cmake)
-- Found Python3: /opt/homebrew/Caskroom/miniforge/base/envs/ros2_fsae/bin/python3 (found version "3.11.14") found components: Interpreter
-- Found rclcpp: 16.0.13 (/opt/homebrew/Caskroom/miniforge/base/envs/ros2_fsae/share/rclcpp/cmake)
-- Found rosidl_generator_c: 3.1.6 (/opt/homebrew/Caskroom/miniforge/base/envs/ros2_fsae/share/rosidl_generator_c/cmake)
-- Found rosidl_adapter: 3.1.6 (/opt/homebrew/Caskroom/miniforge/base/envs/ros2_fsae/share/rosidl_adapter/cmake)
-- Found rosidl_generator_cpp: 3.1.6 (/opt/homebrew/Caskroom/miniforge/base/envs/ros2_fsae/share/rosidl_generator_cpp/cmake)
-- Using all available rosidl_typesupport_c: rosidl_typesupport_fastrtps_c;rosidl_typesupport_introspection_c
-- Using all available rosidl_typesupport_cpp: rosidl_typesupport_fastrtps_cpp;rosidl_typesupport_introspection_cpp
-- Checking for module 'yaml-0.1'
--   Found yaml-0.1, version 0.2.5
-- Found rmw_implementation_cmake: 6.1.2 (/opt/homebrew/Caskroom/miniforge/base/envs/ros2_fsae/share/rmw_implementation_cmake/cmake)
-- Found rmw_cyclonedds_cpp: 1.3.4 (/opt/homebrew/Caskroom/miniforge/base/envs/ros2_fsae/share/rmw_cyclonedds_cpp/cmake)
-- Using RMW implementation 'rmw_cyclonedds_cpp' as default
-- Performing Test CMAKE_HAVE_LIBC_PTHREAD
-- Performing Test CMAKE_HAVE_LIBC_PTHREAD - Success
-- Found Threads: TRUE
-- Found nav_msgs: 4.9.0 (/opt/homebrew/Caskroom/miniforge/base/envs/ros2_fsae/share/nav_msgs/cmake)
-- Found visualization_msgs: 4.9.0 (/opt/homebrew/Caskroom/miniforge/base/envs/ros2_fsae/share/visualization_msgs/cmake)
-- Found ament_lint_auto: 0.12.12 (/opt/homebrew/Caskroom/miniforge/base/envs/ros2_fsae/share/ament_lint_auto/cmake)
-- Added test 'copyright' to check source files copyright and LICENSE
-- Added test 'cppcheck' to perform static code analysis on C / C++ code
-- Configured cppcheck include dirs: $<BUILD_INTERFACE:/Users/adi/Desktop/PycharmProjects/AutonomousGR/cpp_path_planning_code/src/path_planner/include>
-- Configured cppcheck exclude dirs and/or files: 
-- Added test 'cpplint' to check C / C++ code against the Google style
-- Configured cpplint exclude dirs and/or files: 
-- Added test 'flake8' to check Python code syntax and style conventions
-- Added test 'lint_cmake' to check CMake code style
-- Added test 'pep257' to check Python code against some of the docstring style conventions in PEP 257
-- Added test 'uncrustify' to check C / C++ code style
-- Configured uncrustify additional arguments: 
-- Added test 'xmllint' to check XML markup files
-- Configuring done (2.7s)
-- Generating done (0.5s)
-- Build files have been written to: /Users/adi/Desktop/PycharmProjects/AutonomousGR/cpp_path_planning_code/build/path_planner
[ 25%] Building CXX object CMakeFiles/delaunay_planner.dir/src/delaunay_planner.cpp.o
[ 50%] Linking CXX shared library libdelaunay_planner.dylib
[ 50%] Built target delaunay_planner
[ 75%] Building CXX object CMakeFiles/planner_node.dir/src/planner_node.cpp.o
[100%] Linking CXX executable planner_node
[100%] Built target planner_node
-- Install configuration: ""
-- Installing: /Users/adi/Desktop/PycharmProjects/AutonomousGR/cpp_path_planning_code/install/path_planner/lib/libdelaunay_planner.dylib
-- Installing: /Users/adi/Desktop/PycharmProjects/AutonomousGR/cpp_path_planning_code/install/path_planner/lib/path_planner/planner_node
-- Installing: /Users/adi/Desktop/PycharmProjects/AutonomousGR/cpp_path_planning_code/install/path_planner/include
-- Installing: /Users/adi/Desktop/PycharmProjects/AutonomousGR/cpp_path_planning_code/install/path_planner/include/path_planner
-- Installing: /Users/adi/Desktop/PycharmProjects/AutonomousGR/cpp_path_planning_code/install/path_planner/include/path_planner/delaunay_planner.hpp
-- Installing: /Users/adi/Desktop/PycharmProjects/AutonomousGR/cpp_path_planning_code/install/path_planner/share/path_planner/launch
-- Installing: /Users/adi/Desktop/PycharmProjects/AutonomousGR/cpp_path_planning_code/install/path_planner/share/path_planner/launch/fsae_autonomous.launch.py
-- Installing: /Users/adi/Desktop/PycharmProjects/AutonomousGR/cpp_path_planning_code/install/path_planner/share/path_planner/config
-- Installing: /Users/adi/Desktop/PycharmProjects/AutonomousGR/cpp_path_planning_code/install/path_planner/share/path_planner/config/vehicle_params.yaml
-- Installing: /Users/adi/Desktop/PycharmProjects/AutonomousGR/cpp_path_planning_code/install/path_planner/share/ament_index/resource_index/package_run_dependencies/path_planner
-- Installing: /Users/adi/Desktop/PycharmProjects/AutonomousGR/cpp_path_planning_code/install/path_planner/share/ament_index/resource_index/parent_prefix_path/path_planner
-- Installing: /Users/adi/Desktop/PycharmProjects/AutonomousGR/cpp_path_planning_code/install/path_planner/share/path_planner/environment/ament_prefix_path.sh
-- Installing: /Users/adi/Desktop/PycharmProjects/AutonomousGR/cpp_path_planning_code/install/path_planner/share/path_planner/environment/ament_prefix_path.dsv
-- Installing: /Users/adi/Desktop/PycharmProjects/AutonomousGR/cpp_path_planning_code/install/path_planner/share/path_planner/environment/path.sh
-- Installing: /Users/adi/Desktop/PycharmProjects/AutonomousGR/cpp_path_planning_code/install/path_planner/share/path_planner/environment/path.dsv
-- Installing: /Users/adi/Desktop/PycharmProjects/AutonomousGR/cpp_path_planning_code/install/path_planner/share/path_planner/local_setup.bash
-- Installing: /Users/adi/Desktop/PycharmProjects/AutonomousGR/cpp_path_planning_code/install/path_planner/share/path_planner/local_setup.sh
-- Installing: /Users/adi/Desktop/PycharmProjects/AutonomousGR/cpp_path_planning_code/install/path_planner/share/path_planner/local_setup.zsh
-- Installing: /Users/adi/Desktop/PycharmProjects/AutonomousGR/cpp_path_planning_code/install/path_planner/share/path_planner/local_setup.dsv
-- Installing: /Users/adi/Desktop/PycharmProjects/AutonomousGR/cpp_path_planning_code/install/path_planner/share/path_planner/package.dsv
-- Installing: /Users/adi/Desktop/PycharmProjects/AutonomousGR/cpp_path_planning_code/install/path_planner/share/ament_index/resource_index/packages/path_planner
-- Installing: /Users/adi/Desktop/PycharmProjects/AutonomousGR/cpp_path_planning_code/install/path_planner/share/path_planner/cmake/export_path_plannerExport.cmake
-- Installing: /Users/adi/Desktop/PycharmProjects/AutonomousGR/cpp_path_planning_code/install/path_planner/share/path_planner/cmake/export_path_plannerExport-noconfig.cmake
-- Installing: /Users/adi/Desktop/PycharmProjects/AutonomousGR/cpp_path_planning_code/install/path_planner/share/path_planner/cmake/ament_cmake_export_include_directories-extras.cmake
-- Installing: /Users/adi/Desktop/PycharmProjects/AutonomousGR/cpp_path_planning_code/install/path_planner/share/path_planner/cmake/ament_cmake_export_libraries-extras.cmake
-- Installing: /Users/adi/Desktop/PycharmProjects/AutonomousGR/cpp_path_planning_code/install/path_planner/share/path_planner/cmake/ament_cmake_export_targets-extras.cmake
-- Installing: /Users/adi/Desktop/PycharmProjects/AutonomousGR/cpp_path_planning_code/install/path_planner/share/path_planner/cmake/path_plannerConfig.cmake
-- Installing: /Users/adi/Desktop/PycharmProjects/AutonomousGR/cpp_path_planning_code/install/path_planner/share/path_planner/cmake/path_plannerConfig-version.cmake
-- Installing: /Users/adi/Desktop/PycharmProjects/AutonomousGR/cpp_path_planning_code/install/path_planner/share/path_planner/package.xml
