[0.121s] [34mcolcon[0m [1;30mDEBUG[0m [32mCommand line arguments: ['/opt/homebrew/Caskroom/miniforge/base/envs/ros2_fsae/bin/colcon', 'build'][0m
[0.121s] [34mcolcon[0m [1;30mDEBUG[0m [32mParsed command line arguments: Namespace(log_base=None, log_level=None, verb_name='build', build_base='build', install_base='install', merge_install=False, symlink_install=False, test_result_base=None, continue_on_error=False, executor='parallel', parallel_workers=14, event_handlers=None, ignore_user_meta=False, metas=['./colcon.meta'], base_paths=['.'], packages_ignore=None, packages_ignore_regex=None, paths=None, packages_up_to=None, packages_up_to_regex=None, packages_above=None, packages_above_and_dependencies=None, packages_above_depth=None, packages_select_by_dep=None, packages_skip_by_dep=None, packages_skip_up_to=None, packages_select_build_failed=False, packages_skip_build_finished=False, packages_select_test_failures=False, packages_skip_test_passed=False, packages_select=None, packages_skip=None, packages_select_regex=None, packages_skip_regex=None, packages_start=None, packages_end=None, cmake_args=None, cmake_target=None, cmake_target_skip_unavailable=False, cmake_clean_cache=False, cmake_clean_first=False, cmake_force_configure=False, ament_cmake_args=None, catkin_cmake_args=None, catkin_skip_building_tests=False, verb_parser=<colcon_defaults.argument_parser.defaults.DefaultArgumentsDecorator object at 0x1043a4790>, verb_extension=<colcon_core.verb.build.BuildVerb object at 0x1043a4490>, main=<bound method BuildVerb.main of <colcon_core.verb.build.BuildVerb object at 0x1043a4490>>)[0m
[0.151s] [34mcolcon.colcon_core.package_discovery[0m [1;30mLevel 1[0m discover_packages(colcon_meta) check parameters
[0.151s] [34mcolcon.colcon_core.package_discovery[0m [1;30mLevel 1[0m discover_packages(recursive) check parameters
[0.151s] [34mcolcon.colcon_core.package_discovery[0m [1;30mLevel 1[0m discover_packages(ignore) check parameters
[0.151s] [34mcolcon.colcon_core.package_discovery[0m [1;30mLevel 1[0m discover_packages(path) check parameters
[0.151s] [34mcolcon.colcon_core.package_discovery[0m [1;30mLevel 1[0m discover_packages(colcon_meta) discover
[0.151s] [34mcolcon.colcon_core.package_discovery[0m [1;30mLevel 1[0m discover_packages(recursive) discover
[0.151s] [34mcolcon.colcon_core.package_discovery[0m [1;30mINFO[0m Crawling recursively for packages in '/Users/adi/Desktop/PycharmProjects/AutonomousGR/cpp_path_planning_code'
[0.151s] [34mcolcon.colcon_core.package_identification[0m [1;30mLevel 1[0m _identify(.) by extensions ['ignore', 'ignore_ament_install']
[0.151s] [34mcolcon.colcon_core.package_identification[0m [1;30mLevel 1[0m _identify(.) by extension 'ignore'
[0.151s] [34mcolcon.colcon_core.package_identification[0m [1;30mLevel 1[0m _identify(.) by extension 'ignore_ament_install'
[0.151s] [34mcolcon.colcon_core.package_identification[0m [1;30mLevel 1[0m _identify(.) by extensions ['colcon_pkg']
[0.151s] [34mcolcon.colcon_core.package_identification[0m [1;30mLevel 1[0m _identify(.) by extension 'colcon_pkg'
[0.151s] [34mcolcon.colcon_core.package_identification[0m [1;30mLevel 1[0m _identify(.) by extensions ['colcon_meta']
[0.151s] [34mcolcon.colcon_core.package_identification[0m [1;30mLevel 1[0m _identify(.) by extension 'colcon_meta'
[0.151s] [34mcolcon.colcon_core.package_identification[0m [1;30mLevel 1[0m _identify(.) by extensions ['ros']
[0.151s] [34mcolcon.colcon_core.package_identification[0m [1;30mLevel 1[0m _identify(.) by extension 'ros'
[0.169s] [34mcolcon.colcon_core.package_identification[0m [1;30mLevel 1[0m _identify(.) by extensions ['cmake', 'python']
[0.169s] [34mcolcon.colcon_core.package_identification[0m [1;30mLevel 1[0m _identify(.) by extension 'cmake'
[0.169s] [34mcolcon.colcon_core.package_identification[0m [1;30mLevel 1[0m _identify(.) by extension 'python'
[0.169s] [34mcolcon.colcon_core.package_identification[0m [1;30mLevel 1[0m _identify(.) by extensions ['python_setup_py']
[0.169s] [34mcolcon.colcon_core.package_identification[0m [1;30mLevel 1[0m _identify(.) by extension 'python_setup_py'
[0.170s] [34mcolcon.colcon_core.package_identification[0m [1;30mLevel 1[0m _identify(build) by extensions ['ignore', 'ignore_ament_install']
[0.170s] [34mcolcon.colcon_core.package_identification[0m [1;30mLevel 1[0m _identify(build) by extension 'ignore'
[0.170s] [34mcolcon.colcon_core.package_identification[0m [1;30mLevel 1[0m _identify(build) ignored
[0.170s] [34mcolcon.colcon_core.package_identification[0m [1;30mLevel 1[0m _identify(install) by extensions ['ignore', 'ignore_ament_install']
[0.170s] [34mcolcon.colcon_core.package_identification[0m [1;30mLevel 1[0m _identify(install) by extension 'ignore'
[0.170s] [34mcolcon.colcon_core.package_identification[0m [1;30mLevel 1[0m _identify(install) ignored
[0.170s] [34mcolcon.colcon_core.package_identification[0m [1;30mLevel 1[0m _identify(log) by extensions ['ignore', 'ignore_ament_install']
[0.170s] [34mcolcon.colcon_core.package_identification[0m [1;30mLevel 1[0m _identify(log) by extension 'ignore'
[0.170s] [34mcolcon.colcon_core.package_identification[0m [1;30mLevel 1[0m _identify(log) ignored
[0.170s] [34mcolcon.colcon_core.package_identification[0m [1;30mLevel 1[0m _identify(src) by extensions ['ignore', 'ignore_ament_install']
[0.170s] [34mcolcon.colcon_core.package_identification[0m [1;30mLevel 1[0m _identify(src) by extension 'ignore'
[0.170s] [34mcolcon.colcon_core.package_identification[0m [1;30mLevel 1[0m _identify(src) by extension 'ignore_ament_install'
[0.170s] [34mcolcon.colcon_core.package_identification[0m [1;30mLevel 1[0m _identify(src) by extensions ['colcon_pkg']
[0.170s] [34mcolcon.colcon_core.package_identification[0m [1;30mLevel 1[0m _identify(src) by extension 'colcon_pkg'
[0.170s] [34mcolcon.colcon_core.package_identification[0m [1;30mLevel 1[0m _identify(src) by extensions ['colcon_meta']
[0.170s] [34mcolcon.colcon_core.package_identification[0m [1;30mLevel 1[0m _identify(src) by extension 'colcon_meta'
[0.170s] [34mcolcon.colcon_core.package_identification[0m [1;30mLevel 1[0m _identify(src) by extensions ['ros']
[0.170s] [34mcolcon.colcon_core.package_identification[0m [1;30mLevel 1[0m _identify(src) by extension 'ros'
[0.170s] [34mcolcon.colcon_core.package_identification[0m [1;30mLevel 1[0m _identify(src) by extensions ['cmake', 'python']
[0.170s] [34mcolcon.colcon_core.package_identification[0m [1;30mLevel 1[0m _identify(src) by extension 'cmake'
[0.170s] [34mcolcon.colcon_core.package_identification[0m [1;30mLevel 1[0m _identify(src) by extension 'python'
[0.170s] [34mcolcon.colcon_core.package_identification[0m [1;30mLevel 1[0m _identify(src) by extensions ['python_setup_py']
[0.170s] [34mcolcon.colcon_core.package_identification[0m [1;30mLevel 1[0m _identify(src) by extension 'python_setup_py'
[0.170s] [34mcolcon.colcon_core.package_identification[0m [1;30mLevel 1[0m _identify(src/path_planner) by extensions ['ignore', 'ignore_ament_install']
[0.170s] [34mcolcon.colcon_core.package_identification[0m [1;30mLevel 1[0m _identify(src/path_planner) by extension 'ignore'
[0.170s] [34mcolcon.colcon_core.package_identification[0m [1;30mLevel 1[0m _identify(src/path_planner) by extension 'ignore_ament_install'
[0.170s] [34mcolcon.colcon_core.package_identification[0m [1;30mLevel 1[0m _identify(src/path_planner) by extensions ['colcon_pkg']
[0.170s] [34mcolcon.colcon_core.package_identification[0m [1;30mLevel 1[0m _identify(src/path_planner) by extension 'colcon_pkg'
[0.170s] [34mcolcon.colcon_core.package_identification[0m [1;30mLevel 1[0m _identify(src/path_planner) by extensions ['colcon_meta']
[0.170s] [34mcolcon.colcon_core.package_identification[0m [1;30mLevel 1[0m _identify(src/path_planner) by extension 'colcon_meta'
[0.170s] [34mcolcon.colcon_core.package_identification[0m [1;30mLevel 1[0m _identify(src/path_planner) by extensions ['ros']
[0.170s] [34mcolcon.colcon_core.package_identification[0m [1;30mLevel 1[0m _identify(src/path_planner) by extension 'ros'
[0.172s] [34mcolcon.colcon_core.package_identification[0m [1;30mDEBUG[0m [32mPackage 'src/path_planner' with type 'ros.ament_cmake' and name 'path_planner'[0m
[0.172s] [34mcolcon.colcon_core.package_identification[0m [1;30mLevel 1[0m _identify(src/pure_pursuit) by extensions ['ignore', 'ignore_ament_install']
[0.172s] [34mcolcon.colcon_core.package_identification[0m [1;30mLevel 1[0m _identify(src/pure_pursuit) by extension 'ignore'
[0.172s] [34mcolcon.colcon_core.package_identification[0m [1;30mLevel 1[0m _identify(src/pure_pursuit) by extension 'ignore_ament_install'
[0.172s] [34mcolcon.colcon_core.package_identification[0m [1;30mLevel 1[0m _identify(src/pure_pursuit) by extensions ['colcon_pkg']
[0.172s] [34mcolcon.colcon_core.package_identification[0m [1;30mLevel 1[0m _identify(src/pure_pursuit) by extension 'colcon_pkg'
[0.172s] [34mcolcon.colcon_core.package_identification[0m [1;30mLevel 1[0m _identify(src/pure_pursuit) by extensions ['colcon_meta']
[0.172s] [34mcolcon.colcon_core.package_identification[0m [1;30mLevel 1[0m _identify(src/pure_pursuit) by extension 'colcon_meta'
[0.172s] [34mcolcon.colcon_core.package_identification[0m [1;30mLevel 1[0m _identify(src/pure_pursuit) by extensions ['ros']
[0.172s] [34mcolcon.colcon_core.package_identification[0m [1;30mLevel 1[0m _identify(src/pure_pursuit) by extension 'ros'
[0.172s] [34mcolcon.colcon_core.package_identification[0m [1;30mDEBUG[0m [32mPackage 'src/pure_pursuit' with type 'ros.ament_cmake' and name 'pure_pursuit'[0m
[0.172s] [34mcolcon.colcon_core.package_discovery[0m [1;30mLevel 1[0m discover_packages(recursive) using defaults
[0.172s] [34mcolcon.colcon_core.package_discovery[0m [1;30mLevel 1[0m discover_packages(ignore) discover
[0.172s] [34mcolcon.colcon_core.package_discovery[0m [1;30mLevel 1[0m discover_packages(ignore) using defaults
[0.172s] [34mcolcon.colcon_core.package_discovery[0m [1;30mLevel 1[0m discover_packages(path) discover
[0.172s] [34mcolcon.colcon_core.package_discovery[0m [1;30mLevel 1[0m discover_packages(path) using defaults
[0.182s] [34mcolcon.colcon_core.verb[0m [1;30mLevel 5[0m set package 'path_planner' build argument 'cmake_args' from command line to 'None'
[0.182s] [34mcolcon.colcon_core.verb[0m [1;30mLevel 5[0m set package 'path_planner' build argument 'cmake_target' from command line to 'None'
[0.182s] [34mcolcon.colcon_core.verb[0m [1;30mLevel 5[0m set package 'path_planner' build argument 'cmake_target_skip_unavailable' from command line to 'False'
[0.182s] [34mcolcon.colcon_core.verb[0m [1;30mLevel 5[0m set package 'path_planner' build argument 'cmake_clean_cache' from command line to 'False'
[0.182s] [34mcolcon.colcon_core.verb[0m [1;30mLevel 5[0m set package 'path_planner' build argument 'cmake_clean_first' from command line to 'False'
[0.182s] [34mcolcon.colcon_core.verb[0m [1;30mLevel 5[0m set package 'path_planner' build argument 'cmake_force_configure' from command line to 'False'
[0.182s] [34mcolcon.colcon_core.verb[0m [1;30mLevel 5[0m set package 'path_planner' build argument 'ament_cmake_args' from command line to 'None'
[0.182s] [34mcolcon.colcon_core.verb[0m [1;30mLevel 5[0m set package 'path_planner' build argument 'catkin_cmake_args' from command line to 'None'
[0.182s] [34mcolcon.colcon_core.verb[0m [1;30mLevel 5[0m set package 'path_planner' build argument 'catkin_skip_building_tests' from command line to 'False'
[0.182s] [34mcolcon.colcon_core.verb[0m [1;30mDEBUG[0m [32mBuilding package 'path_planner' with the following arguments: {'ament_cmake_args': None, 'build_base': '/Users/adi/Desktop/PycharmProjects/AutonomousGR/cpp_path_planning_code/build/path_planner', 'catkin_cmake_args': None, 'catkin_skip_building_tests': False, 'cmake_args': None, 'cmake_clean_cache': False, 'cmake_clean_first': False, 'cmake_force_configure': False, 'cmake_target': None, 'cmake_target_skip_unavailable': False, 'install_base': '/Users/adi/Desktop/PycharmProjects/AutonomousGR/cpp_path_planning_code/install/path_planner', 'merge_install': False, 'path': '/Users/adi/Desktop/PycharmProjects/AutonomousGR/cpp_path_planning_code/src/path_planner', 'symlink_install': False, 'test_result_base': None}[0m
[0.182s] [34mcolcon.colcon_core.verb[0m [1;30mLevel 5[0m set package 'pure_pursuit' build argument 'cmake_args' from command line to 'None'
[0.182s] [34mcolcon.colcon_core.verb[0m [1;30mLevel 5[0m set package 'pure_pursuit' build argument 'cmake_target' from command line to 'None'
[0.182s] [34mcolcon.colcon_core.verb[0m [1;30mLevel 5[0m set package 'pure_pursuit' build argument 'cmake_target_skip_unavailable' from command line to 'False'
[0.182s] [34mcolcon.colcon_core.verb[0m [1;30mLevel 5[0m set package 'pure_pursuit' build argument 'cmake_clean_cache' from command line to 'False'
[0.182s] [34mcolcon.colcon_core.verb[0m [1;30mLevel 5[0m set package 'pure_pursuit' build argument 'cmake_clean_first' from command line to 'False'
[0.182s] [34mcolcon.colcon_core.verb[0m [1;30mLevel 5[0m set package 'pure_pursuit' build argument 'cmake_force_configure' from command line to 'False'
[0.182s] [34mcolcon.colcon_core.verb[0m [1;30mLevel 5[0m set package 'pure_pursuit' build argument 'ament_cmake_args' from command line to 'None'
[0.182s] [34mcolcon.colcon_core.verb[0m [1;30mLevel 5[0m set package 'pure_pursuit' build argument 'catkin_cmake_args' from command line to 'None'
[0.182s] [34mcolcon.colcon_core.verb[0m [1;30mLevel 5[0m set package 'pure_pursuit' build argument 'catkin_skip_building_tests' from command line to 'False'
[0.182s] [34mcolcon.colcon_core.verb[0m [1;30mDEBUG[0m [32mBuilding package 'pure_pursuit' with the following arguments: {'ament_cmake_args': None, 'build_base': '/Users/adi/Desktop/PycharmProjects/AutonomousGR/cpp_path_planning_code/build/pure_pursuit', 'catkin_cmake_args': None, 'catkin_skip_building_tests': False, 'cmake_args': None, 'cmake_clean_cache': False, 'cmake_clean_first': False, 'cmake_force_configure': False, 'cmake_target': None, 'cmake_target_skip_unavailable': False, 'install_base': '/Users/adi/Desktop/PycharmProjects/AutonomousGR/cpp_path_planning_code/install/pure_pursuit', 'merge_install': False, 'path': '/Users/adi/Desktop/PycharmProjects/AutonomousGR/cpp_path_planning_code/src/pure_pursuit', 'symlink_install': False, 'test_result_base': None}[0m
[0.182s] [34mcolcon.colcon_core.executor[0m [1;30mINFO[0m Executing jobs using 'parallel' executor
[0.183s] [34mcolcon.colcon_parallel_executor.executor.parallel[0m [1;30mDEBUG[0m [32mrun_until_complete[0m
[0.183s] [34mcolcon.colcon_ros.task.ament_cmake.build[0m [1;30mINFO[0m Building ROS package in '/Users/adi/Desktop/PycharmProjects/AutonomousGR/cpp_path_planning_code/src/path_planner' with build type 'ament_cmake'
[0.183s] [34mcolcon.colcon_cmake.task.cmake.build[0m [1;30mINFO[0m Building CMake package in '/Users/adi/Desktop/PycharmProjects/AutonomousGR/cpp_path_planning_code/src/path_planner'
[0.185s] [34mcolcon.colcon_core.plugin_system[0m [1;30mINFO[0m Skipping extension 'colcon_core.shell.bat': Not used on non-Windows systems
[0.185s] [34mcolcon.colcon_core.shell[0m [1;30mINFO[0m Skip shell extension 'powershell' for command environment: Not usable outside of PowerShell
[0.185s] [34mcolcon.colcon_core.shell[0m [1;30mDEBUG[0m [32mSkip shell extension 'dsv' for command environment[0m
[0.185s] [34mcolcon.colcon_core.prefix_path.colcon[0m [1;30mWARNING[0m [33mThe path '/Users/adi/Desktop/PycharmProjects/AutonomousGR/C++ Path-Planning Code/install' in the environment variable COLCON_PREFIX_PATH doesn't exist[0m
[0.189s] [34mcolcon.colcon_ros.task.ament_cmake.build[0m [1;30mINFO[0m Building ROS package in '/Users/adi/Desktop/PycharmProjects/AutonomousGR/cpp_path_planning_code/src/pure_pursuit' with build type 'ament_cmake'
[0.189s] [34mcolcon.colcon_cmake.task.cmake.build[0m [1;30mINFO[0m Building CMake package in '/Users/adi/Desktop/PycharmProjects/AutonomousGR/cpp_path_planning_code/src/pure_pursuit'
[0.189s] [34mcolcon.colcon_core.shell[0m [1;30mINFO[0m Skip shell extension 'powershell' for command environment: Not usable outside of PowerShell
[0.189s] [34mcolcon.colcon_core.shell[0m [1;30mDEBUG[0m [32mSkip shell extension 'dsv' for command environment[0m
[0.197s] [34mcolcon.colcon_core.event_handler.log_command[0m [1;30mDEBUG[0m [32mInvoking command in '/Users/adi/Desktop/PycharmProjects/AutonomousGR/cpp_path_planning_code/build/path_planner': CMAKE_PREFIX_PATH=/opt/homebrew/Caskroom/miniforge/base/envs/ros2_fsae CONDA_PROMPT_MODIFIER=(ros2_fsae) SHLVL=3 _=/usr/bin/env /opt/homebrew/Caskroom/miniforge/base/envs/ros2_fsae/bin/cmake /Users/adi/Desktop/PycharmProjects/AutonomousGR/cpp_path_planning_code/src/path_planner -DCMAKE_INSTALL_PREFIX=/Users/adi/Desktop/PycharmProjects/AutonomousGR/cpp_path_planning_code/install/path_planner[0m
[0.200s] [34mcolcon.colcon_core.event_handler.log_command[0m [1;30mDEBUG[0m [32mInvoking command in '/Users/adi/Desktop/PycharmProjects/AutonomousGR/cpp_path_planning_code/build/pure_pursuit': CMAKE_PREFIX_PATH=/opt/homebrew/Caskroom/miniforge/base/envs/ros2_fsae CONDA_PROMPT_MODIFIER=(ros2_fsae) SHLVL=3 _=/usr/bin/env /opt/homebrew/Caskroom/miniforge/base/envs/ros2_fsae/bin/cmake /Users/adi/Desktop/PycharmProjects/AutonomousGR/cpp_path_planning_code/src/pure_pursuit -DCMAKE_INSTALL_PREFIX=/Users/adi/Desktop/PycharmProjects/AutonomousGR/cpp_path_planning_code/install/pure_pursuit[0m
[3.414s] [34mcolcon.colcon_core.event_handler.log_command[0m [1;30mDEBUG[0m [32mInvoked command in '/Users/adi/Desktop/PycharmProjects/AutonomousGR/cpp_path_planning_code/build/path_planner' returned '0': CMAKE_PREFIX_PATH=/opt/homebrew/Caskroom/miniforge/base/envs/ros2_fsae CONDA_PROMPT_MODIFIER=(ros2_fsae) SHLVL=3 _=/usr/bin/env /opt/homebrew/Caskroom/miniforge/base/envs/ros2_fsae/bin/cmake /Users/adi/Desktop/PycharmProjects/AutonomousGR/cpp_path_planning_code/src/path_planner -DCMAKE_INSTALL_PREFIX=/Users/adi/Desktop/PycharmProjects/AutonomousGR/cpp_path_planning_code/install/path_planner[0m
[3.416s] [34mcolcon.colcon_core.event_handler.log_command[0m [1;30mDEBUG[0m [32mInvoking command in '/Users/adi/Desktop/PycharmProjects/AutonomousGR/cpp_path_planning_code/build/path_planner': CMAKE_PREFIX_PATH=/opt/homebrew/Caskroom/miniforge/base/envs/ros2_fsae CONDA_PROMPT_MODIFIER=(ros2_fsae) SHLVL=3 _=/usr/bin/env /opt/homebrew/Caskroom/miniforge/base/envs/ros2_fsae/bin/cmake --build /Users/adi/Desktop/PycharmProjects/AutonomousGR/cpp_path_planning_code/build/path_planner -- -j14 -l14[0m
[3.418s] [34mcolcon.colcon_core.event_handler.log_command[0m [1;30mDEBUG[0m [32mInvoked command in '/Users/adi/Desktop/PycharmProjects/AutonomousGR/cpp_path_planning_code/build/pure_pursuit' returned '0': CMAKE_PREFIX_PATH=/opt/homebrew/Caskroom/miniforge/base/envs/ros2_fsae CONDA_PROMPT_MODIFIER=(ros2_fsae) SHLVL=3 _=/usr/bin/env /opt/homebrew/Caskroom/miniforge/base/envs/ros2_fsae/bin/cmake /Users/adi/Desktop/PycharmProjects/AutonomousGR/cpp_path_planning_code/src/pure_pursuit -DCMAKE_INSTALL_PREFIX=/Users/adi/Desktop/PycharmProjects/AutonomousGR/cpp_path_planning_code/install/pure_pursuit[0m
[3.419s] [34mcolcon.colcon_core.event_handler.log_command[0m [1;30mDEBUG[0m [32mInvoking command in '/Users/adi/Desktop/PycharmProjects/AutonomousGR/cpp_path_planning_code/build/pure_pursuit': CMAKE_PREFIX_PATH=/opt/homebrew/Caskroom/miniforge/base/envs/ros2_fsae CONDA_PROMPT_MODIFIER=(ros2_fsae) SHLVL=3 _=/usr/bin/env /opt/homebrew/Caskroom/miniforge/base/envs/ros2_fsae/bin/cmake --build /Users/adi/Desktop/PycharmProjects/AutonomousGR/cpp_path_planning_code/build/pure_pursuit -- -j14 -l14[0m
[6.059s] [34mcolcon.colcon_core.event_handler.log_command[0m [1;30mDEBUG[0m [32mInvoked command in '/Users/adi/Desktop/PycharmProjects/AutonomousGR/cpp_path_planning_code/build/path_planner' returned '0': CMAKE_PREFIX_PATH=/opt/homebrew/Caskroom/miniforge/base/envs/ros2_fsae CONDA_PROMPT_MODIFIER=(ros2_fsae) SHLVL=3 _=/usr/bin/env /opt/homebrew/Caskroom/miniforge/base/envs/ros2_fsae/bin/cmake --build /Users/adi/Desktop/PycharmProjects/AutonomousGR/cpp_path_planning_code/build/path_planner -- -j14 -l14[0m
[6.077s] [34mcolcon.colcon_core.event_handler.log_command[0m [1;30mDEBUG[0m [32mInvoking command in '/Users/adi/Desktop/PycharmProjects/AutonomousGR/cpp_path_planning_code/build/path_planner': CMAKE_PREFIX_PATH=/opt/homebrew/Caskroom/miniforge/base/envs/ros2_fsae CONDA_PROMPT_MODIFIER=(ros2_fsae) SHLVL=3 _=/usr/bin/env /opt/homebrew/Caskroom/miniforge/base/envs/ros2_fsae/bin/cmake --install /Users/adi/Desktop/PycharmProjects/AutonomousGR/cpp_path_planning_code/build/path_planner[0m
[6.399s] [34mcolcon.colcon_core.environment[0m [1;30mLevel 1[0m create_environment_scripts_only(path_planner)
[6.399s] [34mcolcon.colcon_core.event_handler.log_command[0m [1;30mDEBUG[0m [32mInvoked command in '/Users/adi/Desktop/PycharmProjects/AutonomousGR/cpp_path_planning_code/build/path_planner' returned '0': CMAKE_PREFIX_PATH=/opt/homebrew/Caskroom/miniforge/base/envs/ros2_fsae CONDA_PROMPT_MODIFIER=(ros2_fsae) SHLVL=3 _=/usr/bin/env /opt/homebrew/Caskroom/miniforge/base/envs/ros2_fsae/bin/cmake --install /Users/adi/Desktop/PycharmProjects/AutonomousGR/cpp_path_planning_code/build/path_planner[0m
[6.402s] [34mcolcon.colcon_core.environment[0m [1;30mLevel 1[0m checking '/Users/adi/Desktop/PycharmProjects/AutonomousGR/cpp_path_planning_code/install/path_planner' for CMake module files
[6.402s] [34mcolcon.colcon_core.environment[0m [1;30mLevel 1[0m checking '/Users/adi/Desktop/PycharmProjects/AutonomousGR/cpp_path_planning_code/install/path_planner' for CMake config files
[6.402s] [34mcolcon.colcon_core.shell[0m [1;30mLevel 1[0m create_environment_hook('path_planner', 'cmake_prefix_path')
[6.402s] [34mcolcon.colcon_core.shell[0m [1;30mINFO[0m Creating environment hook '/Users/adi/Desktop/PycharmProjects/AutonomousGR/cpp_path_planning_code/install/path_planner/share/path_planner/hook/cmake_prefix_path.ps1'
[6.403s] [34mcolcon.colcon_core.shell[0m [1;30mINFO[0m Creating environment descriptor '/Users/adi/Desktop/PycharmProjects/AutonomousGR/cpp_path_planning_code/install/path_planner/share/path_planner/hook/cmake_prefix_path.dsv'
[6.403s] [34mcolcon.colcon_core.shell[0m [1;30mINFO[0m Creating environment hook '/Users/adi/Desktop/PycharmProjects/AutonomousGR/cpp_path_planning_code/install/path_planner/share/path_planner/hook/cmake_prefix_path.sh'
[6.404s] [34mcolcon.colcon_core.environment[0m [1;30mLevel 1[0m checking '/Users/adi/Desktop/PycharmProjects/AutonomousGR/cpp_path_planning_code/install/path_planner/lib'
[6.404s] [34mcolcon.colcon_core.shell[0m [1;30mLevel 1[0m create_environment_hook('path_planner', 'dyld_library_path')
[6.404s] [34mcolcon.colcon_core.shell[0m [1;30mINFO[0m Creating environment hook '/Users/adi/Desktop/PycharmProjects/AutonomousGR/cpp_path_planning_code/install/path_planner/share/path_planner/hook/dyld_library_path.ps1'
[6.404s] [34mcolcon.colcon_core.shell[0m [1;30mINFO[0m Creating environment descriptor '/Users/adi/Desktop/PycharmProjects/AutonomousGR/cpp_path_planning_code/install/path_planner/share/path_planner/hook/dyld_library_path.dsv'
[6.404s] [34mcolcon.colcon_core.shell[0m [1;30mINFO[0m Creating environment hook '/Users/adi/Desktop/PycharmProjects/AutonomousGR/cpp_path_planning_code/install/path_planner/share/path_planner/hook/dyld_library_path.sh'
[6.404s] [34mcolcon.colcon_core.environment[0m [1;30mLevel 1[0m checking '/Users/adi/Desktop/PycharmProjects/AutonomousGR/cpp_path_planning_code/install/path_planner/bin'
[6.404s] [34mcolcon.colcon_core.environment[0m [1;30mLevel 1[0m checking '/Users/adi/Desktop/PycharmProjects/AutonomousGR/cpp_path_planning_code/install/path_planner/lib/pkgconfig/path_planner.pc'
[6.405s] [34mcolcon.colcon_core.environment[0m [1;30mLevel 1[0m checking '/Users/adi/Desktop/PycharmProjects/AutonomousGR/cpp_path_planning_code/install/path_planner/lib/python3.11/site-packages'
[6.405s] [34mcolcon.colcon_core.environment[0m [1;30mLevel 1[0m checking '/Users/adi/Desktop/PycharmProjects/AutonomousGR/cpp_path_planning_code/install/path_planner/bin'
[6.405s] [34mcolcon.colcon_core.shell[0m [1;30mINFO[0m Creating package script '/Users/adi/Desktop/PycharmProjects/AutonomousGR/cpp_path_planning_code/install/path_planner/share/path_planner/package.ps1'
[6.405s] [34mcolcon.colcon_core.shell[0m [1;30mINFO[0m Creating package descriptor '/Users/adi/Desktop/PycharmProjects/AutonomousGR/cpp_path_planning_code/install/path_planner/share/path_planner/package.dsv'
[6.406s] [34mcolcon.colcon_core.shell[0m [1;30mINFO[0m Creating package script '/Users/adi/Desktop/PycharmProjects/AutonomousGR/cpp_path_planning_code/install/path_planner/share/path_planner/package.sh'
[6.406s] [34mcolcon.colcon_core.shell[0m [1;30mINFO[0m Creating package script '/Users/adi/Desktop/PycharmProjects/AutonomousGR/cpp_path_planning_code/install/path_planner/share/path_planner/package.bash'
[6.407s] [34mcolcon.colcon_core.shell[0m [1;30mINFO[0m Creating package script '/Users/adi/Desktop/PycharmProjects/AutonomousGR/cpp_path_planning_code/install/path_planner/share/path_planner/package.zsh'
[6.407s] [34mcolcon.colcon_core.environment[0m [1;30mLevel 1[0m create_file_with_runtime_dependencies(/Users/adi/Desktop/PycharmProjects/AutonomousGR/cpp_path_planning_code/install/path_planner/share/colcon-core/packages/path_planner)
[6.408s] [34mcolcon.colcon_core.environment[0m [1;30mLevel 1[0m create_environment_scripts_only(path_planner)
[6.408s] [34mcolcon.colcon_core.environment[0m [1;30mLevel 1[0m checking '/Users/adi/Desktop/PycharmProjects/AutonomousGR/cpp_path_planning_code/install/path_planner' for CMake module files
[6.408s] [34mcolcon.colcon_core.environment[0m [1;30mLevel 1[0m checking '/Users/adi/Desktop/PycharmProjects/AutonomousGR/cpp_path_planning_code/install/path_planner' for CMake config files
[6.408s] [34mcolcon.colcon_core.shell[0m [1;30mLevel 1[0m create_environment_hook('path_planner', 'cmake_prefix_path')
[6.408s] [34mcolcon.colcon_core.shell[0m [1;30mINFO[0m Creating environment hook '/Users/adi/Desktop/PycharmProjects/AutonomousGR/cpp_path_planning_code/install/path_planner/share/path_planner/hook/cmake_prefix_path.ps1'
[6.408s] [34mcolcon.colcon_core.shell[0m [1;30mINFO[0m Creating environment descriptor '/Users/adi/Desktop/PycharmProjects/AutonomousGR/cpp_path_planning_code/install/path_planner/share/path_planner/hook/cmake_prefix_path.dsv'
[6.409s] [34mcolcon.colcon_core.shell[0m [1;30mINFO[0m Creating environment hook '/Users/adi/Desktop/PycharmProjects/AutonomousGR/cpp_path_planning_code/install/path_planner/share/path_planner/hook/cmake_prefix_path.sh'
[6.409s] [34mcolcon.colcon_core.environment[0m [1;30mLevel 1[0m checking '/Users/adi/Desktop/PycharmProjects/AutonomousGR/cpp_path_planning_code/install/path_planner/lib'
[6.409s] [34mcolcon.colcon_core.shell[0m [1;30mLevel 1[0m create_environment_hook('path_planner', 'dyld_library_path')
[6.409s] [34mcolcon.colcon_core.shell[0m [1;30mINFO[0m Creating environment hook '/Users/adi/Desktop/PycharmProjects/AutonomousGR/cpp_path_planning_code/install/path_planner/share/path_planner/hook/dyld_library_path.ps1'
[6.409s] [34mcolcon.colcon_core.shell[0m [1;30mINFO[0m Creating environment descriptor '/Users/adi/Desktop/PycharmProjects/AutonomousGR/cpp_path_planning_code/install/path_planner/share/path_planner/hook/dyld_library_path.dsv'
[6.409s] [34mcolcon.colcon_core.shell[0m [1;30mINFO[0m Creating environment hook '/Users/adi/Desktop/PycharmProjects/AutonomousGR/cpp_path_planning_code/install/path_planner/share/path_planner/hook/dyld_library_path.sh'
[6.409s] [34mcolcon.colcon_core.environment[0m [1;30mLevel 1[0m checking '/Users/adi/Desktop/PycharmProjects/AutonomousGR/cpp_path_planning_code/install/path_planner/bin'
[6.409s] [34mcolcon.colcon_core.environment[0m [1;30mLevel 1[0m checking '/Users/adi/Desktop/PycharmProjects/AutonomousGR/cpp_path_planning_code/install/path_planner/lib/pkgconfig/path_planner.pc'
[6.409s] [34mcolcon.colcon_core.environment[0m [1;30mLevel 1[0m checking '/Users/adi/Desktop/PycharmProjects/AutonomousGR/cpp_path_planning_code/install/path_planner/lib/python3.11/site-packages'
[6.410s] [34mcolcon.colcon_core.environment[0m [1;30mLevel 1[0m checking '/Users/adi/Desktop/PycharmProjects/AutonomousGR/cpp_path_planning_code/install/path_planner/bin'
[6.410s] [34mcolcon.colcon_core.shell[0m [1;30mINFO[0m Creating package script '/Users/adi/Desktop/PycharmProjects/AutonomousGR/cpp_path_planning_code/install/path_planner/share/path_planner/package.ps1'
[6.410s] [34mcolcon.colcon_core.shell[0m [1;30mINFO[0m Creating package descriptor '/Users/adi/Desktop/PycharmProjects/AutonomousGR/cpp_path_planning_code/install/path_planner/share/path_planner/package.dsv'
[6.410s] [34mcolcon.colcon_core.shell[0m [1;30mINFO[0m Creating package script '/Users/adi/Desktop/PycharmProjects/AutonomousGR/cpp_path_planning_code/install/path_planner/share/path_planner/package.sh'
[6.410s] [34mcolcon.colcon_core.shell[0m [1;30mINFO[0m Creating package script '/Users/adi/Desktop/PycharmProjects/AutonomousGR/cpp_path_planning_code/install/path_planner/share/path_planner/package.bash'
[6.411s] [34mcolcon.colcon_core.shell[0m [1;30mINFO[0m Creating package script '/Users/adi/Desktop/PycharmProjects/AutonomousGR/cpp_path_planning_code/install/path_planner/share/path_planner/package.zsh'
[6.411s] [34mcolcon.colcon_core.environment[0m [1;30mLevel 1[0m create_file_with_runtime_dependencies(/Users/adi/Desktop/PycharmProjects/AutonomousGR/cpp_path_planning_code/install/path_planner/share/colcon-core/packages/path_planner)
[8.210s] [34mcolcon.colcon_core.event_handler.log_command[0m [1;30mDEBUG[0m [32mInvoked command in '/Users/adi/Desktop/PycharmProjects/AutonomousGR/cpp_path_planning_code/build/pure_pursuit' returned '0': CMAKE_PREFIX_PATH=/opt/homebrew/Caskroom/miniforge/base/envs/ros2_fsae CONDA_PROMPT_MODIFIER=(ros2_fsae) SHLVL=3 _=/usr/bin/env /opt/homebrew/Caskroom/miniforge/base/envs/ros2_fsae/bin/cmake --build /Users/adi/Desktop/PycharmProjects/AutonomousGR/cpp_path_planning_code/build/pure_pursuit -- -j14 -l14[0m
[8.211s] [34mcolcon.colcon_core.event_handler.log_command[0m [1;30mDEBUG[0m [32mInvoking command in '/Users/adi/Desktop/PycharmProjects/AutonomousGR/cpp_path_planning_code/build/pure_pursuit': CMAKE_PREFIX_PATH=/opt/homebrew/Caskroom/miniforge/base/envs/ros2_fsae CONDA_PROMPT_MODIFIER=(ros2_fsae) SHLVL=3 _=/usr/bin/env /opt/homebrew/Caskroom/miniforge/base/envs/ros2_fsae/bin/cmake --install /Users/adi/Desktop/PycharmProjects/AutonomousGR/cpp_path_planning_code/build/pure_pursuit[0m
[8.237s] [34mcolcon.colcon_core.environment[0m [1;30mLevel 1[0m create_environment_scripts_only(pure_pursuit)
[8.237s] [34mcolcon.colcon_core.environment[0m [1;30mLevel 1[0m checking '/Users/adi/Desktop/PycharmProjects/AutonomousGR/cpp_path_planning_code/install/pure_pursuit' for CMake module files
[8.237s] [34mcolcon.colcon_core.event_handler.log_command[0m [1;30mDEBUG[0m [32mInvoked command in '/Users/adi/Desktop/PycharmProjects/AutonomousGR/cpp_path_planning_code/build/pure_pursuit' returned '0': CMAKE_PREFIX_PATH=/opt/homebrew/Caskroom/miniforge/base/envs/ros2_fsae CONDA_PROMPT_MODIFIER=(ros2_fsae) SHLVL=3 _=/usr/bin/env /opt/homebrew/Caskroom/miniforge/base/envs/ros2_fsae/bin/cmake --install /Users/adi/Desktop/PycharmProjects/AutonomousGR/cpp_path_planning_code/build/pure_pursuit[0m
[8.238s] [34mcolcon.colcon_core.environment[0m [1;30mLevel 1[0m checking '/Users/adi/Desktop/PycharmProjects/AutonomousGR/cpp_path_planning_code/install/pure_pursuit' for CMake config files
[8.238s] [34mcolcon.colcon_core.shell[0m [1;30mLevel 1[0m create_environment_hook('pure_pursuit', 'cmake_prefix_path')
[8.238s] [34mcolcon.colcon_core.shell[0m [1;30mINFO[0m Creating environment hook '/Users/adi/Desktop/PycharmProjects/AutonomousGR/cpp_path_planning_code/install/pure_pursuit/share/pure_pursuit/hook/cmake_prefix_path.ps1'
[8.238s] [34mcolcon.colcon_core.shell[0m [1;30mINFO[0m Creating environment descriptor '/Users/adi/Desktop/PycharmProjects/AutonomousGR/cpp_path_planning_code/install/pure_pursuit/share/pure_pursuit/hook/cmake_prefix_path.dsv'
[8.238s] [34mcolcon.colcon_core.shell[0m [1;30mINFO[0m Creating environment hook '/Users/adi/Desktop/PycharmProjects/AutonomousGR/cpp_path_planning_code/install/pure_pursuit/share/pure_pursuit/hook/cmake_prefix_path.sh'
[8.239s] [34mcolcon.colcon_core.environment[0m [1;30mLevel 1[0m checking '/Users/adi/Desktop/PycharmProjects/AutonomousGR/cpp_path_planning_code/install/pure_pursuit/lib'
[8.239s] [34mcolcon.colcon_core.shell[0m [1;30mLevel 1[0m create_environment_hook('pure_pursuit', 'dyld_library_path')
[8.239s] [34mcolcon.colcon_core.shell[0m [1;30mINFO[0m Creating environment hook '/Users/adi/Desktop/PycharmProjects/AutonomousGR/cpp_path_planning_code/install/pure_pursuit/share/pure_pursuit/hook/dyld_library_path.ps1'
[8.239s] [34mcolcon.colcon_core.shell[0m [1;30mINFO[0m Creating environment descriptor '/Users/adi/Desktop/PycharmProjects/AutonomousGR/cpp_path_planning_code/install/pure_pursuit/share/pure_pursuit/hook/dyld_library_path.dsv'
[8.239s] [34mcolcon.colcon_core.shell[0m [1;30mINFO[0m Creating environment hook '/Users/adi/Desktop/PycharmProjects/AutonomousGR/cpp_path_planning_code/install/pure_pursuit/share/pure_pursuit/hook/dyld_library_path.sh'
[8.239s] [34mcolcon.colcon_core.environment[0m [1;30mLevel 1[0m checking '/Users/adi/Desktop/PycharmProjects/AutonomousGR/cpp_path_planning_code/install/pure_pursuit/bin'
[8.239s] [34mcolcon.colcon_core.environment[0m [1;30mLevel 1[0m checking '/Users/adi/Desktop/PycharmProjects/AutonomousGR/cpp_path_planning_code/install/pure_pursuit/lib/pkgconfig/pure_pursuit.pc'
[8.240s] [34mcolcon.colcon_core.environment[0m [1;30mLevel 1[0m checking '/Users/adi/Desktop/PycharmProjects/AutonomousGR/cpp_path_planning_code/install/pure_pursuit/lib/python3.11/site-packages'
[8.240s] [34mcolcon.colcon_core.environment[0m [1;30mLevel 1[0m checking '/Users/adi/Desktop/PycharmProjects/AutonomousGR/cpp_path_planning_code/install/pure_pursuit/bin'
[8.240s] [34mcolcon.colcon_core.shell[0m [1;30mINFO[0m Creating package script '/Users/adi/Desktop/PycharmProjects/AutonomousGR/cpp_path_planning_code/install/pure_pursuit/share/pure_pursuit/package.ps1'
[8.240s] [34mcolcon.colcon_core.shell[0m [1;30mINFO[0m Creating package descriptor '/Users/adi/Desktop/PycharmProjects/AutonomousGR/cpp_path_planning_code/install/pure_pursuit/share/pure_pursuit/package.dsv'
[8.240s] [34mcolcon.colcon_core.shell[0m [1;30mINFO[0m Creating package script '/Users/adi/Desktop/PycharmProjects/AutonomousGR/cpp_path_planning_code/install/pure_pursuit/share/pure_pursuit/package.sh'
[8.240s] [34mcolcon.colcon_core.shell[0m [1;30mINFO[0m Creating package script '/Users/adi/Desktop/PycharmProjects/AutonomousGR/cpp_path_planning_code/install/pure_pursuit/share/pure_pursuit/package.bash'
[8.241s] [34mcolcon.colcon_core.shell[0m [1;30mINFO[0m Creating package script '/Users/adi/Desktop/PycharmProjects/AutonomousGR/cpp_path_planning_code/install/pure_pursuit/share/pure_pursuit/package.zsh'
[8.241s] [34mcolcon.colcon_core.environment[0m [1;30mLevel 1[0m create_file_with_runtime_dependencies(/Users/adi/Desktop/PycharmProjects/AutonomousGR/cpp_path_planning_code/install/pure_pursuit/share/colcon-core/packages/pure_pursuit)
[8.241s] [34mcolcon.colcon_core.environment[0m [1;30mLevel 1[0m create_environment_scripts_only(pure_pursuit)
[8.241s] [34mcolcon.colcon_core.environment[0m [1;30mLevel 1[0m checking '/Users/adi/Desktop/PycharmProjects/AutonomousGR/cpp_path_planning_code/install/pure_pursuit' for CMake module files
[8.242s] [34mcolcon.colcon_core.environment[0m [1;30mLevel 1[0m checking '/Users/adi/Desktop/PycharmProjects/AutonomousGR/cpp_path_planning_code/install/pure_pursuit' for CMake config files
[8.242s] [34mcolcon.colcon_core.shell[0m [1;30mLevel 1[0m create_environment_hook('pure_pursuit', 'cmake_prefix_path')
[8.242s] [34mcolcon.colcon_core.shell[0m [1;30mINFO[0m Creating environment hook '/Users/adi/Desktop/PycharmProjects/AutonomousGR/cpp_path_planning_code/install/pure_pursuit/share/pure_pursuit/hook/cmake_prefix_path.ps1'
[8.242s] [34mcolcon.colcon_core.shell[0m [1;30mINFO[0m Creating environment descriptor '/Users/adi/Desktop/PycharmProjects/AutonomousGR/cpp_path_planning_code/install/pure_pursuit/share/pure_pursuit/hook/cmake_prefix_path.dsv'
[8.242s] [34mcolcon.colcon_core.shell[0m [1;30mINFO[0m Creating environment hook '/Users/adi/Desktop/PycharmProjects/AutonomousGR/cpp_path_planning_code/install/pure_pursuit/share/pure_pursuit/hook/cmake_prefix_path.sh'
[8.242s] [34mcolcon.colcon_core.environment[0m [1;30mLevel 1[0m checking '/Users/adi/Desktop/PycharmProjects/AutonomousGR/cpp_path_planning_code/install/pure_pursuit/lib'
[8.242s] [34mcolcon.colcon_core.shell[0m [1;30mLevel 1[0m create_environment_hook('pure_pursuit', 'dyld_library_path')
[8.242s] [34mcolcon.colcon_core.shell[0m [1;30mINFO[0m Creating environment hook '/Users/adi/Desktop/PycharmProjects/AutonomousGR/cpp_path_planning_code/install/pure_pursuit/share/pure_pursuit/hook/dyld_library_path.ps1'
[8.243s] [34mcolcon.colcon_core.shell[0m [1;30mINFO[0m Creating environment descriptor '/Users/adi/Desktop/PycharmProjects/AutonomousGR/cpp_path_planning_code/install/pure_pursuit/share/pure_pursuit/hook/dyld_library_path.dsv'
[8.243s] [34mcolcon.colcon_core.shell[0m [1;30mINFO[0m Creating environment hook '/Users/adi/Desktop/PycharmProjects/AutonomousGR/cpp_path_planning_code/install/pure_pursuit/share/pure_pursuit/hook/dyld_library_path.sh'
[8.244s] [34mcolcon.colcon_core.environment[0m [1;30mLevel 1[0m checking '/Users/adi/Desktop/PycharmProjects/AutonomousGR/cpp_path_planning_code/install/pure_pursuit/bin'
[8.244s] [34mcolcon.colcon_core.environment[0m [1;30mLevel 1[0m checking '/Users/adi/Desktop/PycharmProjects/AutonomousGR/cpp_path_planning_code/install/pure_pursuit/lib/pkgconfig/pure_pursuit.pc'
[8.244s] [34mcolcon.colcon_core.environment[0m [1;30mLevel 1[0m checking '/Users/adi/Desktop/PycharmProjects/AutonomousGR/cpp_path_planning_code/install/pure_pursuit/lib/python3.11/site-packages'
[8.244s] [34mcolcon.colcon_core.environment[0m [1;30mLevel 1[0m checking '/Users/adi/Desktop/PycharmProjects/AutonomousGR/cpp_path_planning_code/install/pure_pursuit/bin'
[8.244s] [34mcolcon.colcon_core.shell[0m [1;30mINFO[0m Creating package script '/Users/adi/Desktop/PycharmProjects/AutonomousGR/cpp_path_planning_code/install/pure_pursuit/share/pure_pursuit/package.ps1'
[8.244s] [34mcolcon.colcon_core.shell[0m [1;30mINFO[0m Creating package descriptor '/Users/adi/Desktop/PycharmProjects/AutonomousGR/cpp_path_planning_code/install/pure_pursuit/share/pure_pursuit/package.dsv'
[8.244s] [34mcolcon.colcon_core.shell[0m [1;30mINFO[0m Creating package script '/Users/adi/Desktop/PycharmProjects/AutonomousGR/cpp_path_planning_code/install/pure_pursuit/share/pure_pursuit/package.sh'
[8.244s] [34mcolcon.colcon_core.shell[0m [1;30mINFO[0m Creating package script '/Users/adi/Desktop/PycharmProjects/AutonomousGR/cpp_path_planning_code/install/pure_pursuit/share/pure_pursuit/package.bash'
[8.245s] [34mcolcon.colcon_core.shell[0m [1;30mINFO[0m Creating package script '/Users/adi/Desktop/PycharmProjects/AutonomousGR/cpp_path_planning_code/install/pure_pursuit/share/pure_pursuit/package.zsh'
[8.245s] [34mcolcon.colcon_core.environment[0m [1;30mLevel 1[0m create_file_with_runtime_dependencies(/Users/adi/Desktop/PycharmProjects/AutonomousGR/cpp_path_planning_code/install/pure_pursuit/share/colcon-core/packages/pure_pursuit)
[8.245s] [34mcolcon.colcon_parallel_executor.executor.parallel[0m [1;30mDEBUG[0m [32mclosing loop[0m
[8.245s] [34mcolcon.colcon_parallel_executor.executor.parallel[0m [1;30mDEBUG[0m [32mloop closed[0m
[8.245s] [34mcolcon.colcon_parallel_executor.executor.parallel[0m [1;30mDEBUG[0m [32mrun_until_complete finished with '0'[0m
[8.245s] [34mcolcon.colcon_core.event_reactor[0m [1;30mDEBUG[0m [32mjoining thread[0m
[8.246s] [34mcolcon.colcon_core.event_reactor[0m [1;30mDEBUG[0m [32mjoined thread[0m
[8.246s] [34mcolcon.colcon_core.shell[0m [1;30mINFO[0m Creating prefix script '/Users/adi/Desktop/PycharmProjects/AutonomousGR/cpp_path_planning_code/install/local_setup.ps1'
[8.247s] [34mcolcon.colcon_core.shell[0m [1;30mINFO[0m Creating prefix util module '/Users/adi/Desktop/PycharmProjects/AutonomousGR/cpp_path_planning_code/install/_local_setup_util_ps1.py'
[8.247s] [34mcolcon.colcon_core.shell[0m [1;30mINFO[0m Creating prefix chain script '/Users/adi/Desktop/PycharmProjects/AutonomousGR/cpp_path_planning_code/install/setup.ps1'
[8.248s] [34mcolcon.colcon_core.shell[0m [1;30mINFO[0m Creating prefix script '/Users/adi/Desktop/PycharmProjects/AutonomousGR/cpp_path_planning_code/install/local_setup.sh'
[8.248s] [34mcolcon.colcon_core.shell[0m [1;30mINFO[0m Creating prefix util module '/Users/adi/Desktop/PycharmProjects/AutonomousGR/cpp_path_planning_code/install/_local_setup_util_sh.py'
[8.248s] [34mcolcon.colcon_core.shell[0m [1;30mINFO[0m Creating prefix chain script '/Users/adi/Desktop/PycharmProjects/AutonomousGR/cpp_path_planning_code/install/setup.sh'
[8.249s] [34mcolcon.colcon_core.shell[0m [1;30mINFO[0m Creating prefix script '/Users/adi/Desktop/PycharmProjects/AutonomousGR/cpp_path_planning_code/install/local_setup.bash'
[8.249s] [34mcolcon.colcon_core.shell[0m [1;30mINFO[0m Creating prefix chain script '/Users/adi/Desktop/PycharmProjects/AutonomousGR/cpp_path_planning_code/install/setup.bash'
[8.250s] [34mcolcon.colcon_core.shell[0m [1;30mINFO[0m Creating prefix script '/Users/adi/Desktop/PycharmProjects/AutonomousGR/cpp_path_planning_code/install/local_setup.zsh'
[8.250s] [34mcolcon.colcon_core.shell[0m [1;30mINFO[0m Creating prefix chain script '/Users/adi/Desktop/PycharmProjects/AutonomousGR/cpp_path_planning_code/install/setup.zsh'
