[0.011s] Invoking command in '/Users/adi/Desktop/PycharmProjects/AutonomousGR/cpp_path_planning_code/build/pure_pursuit': CMAKE_PREFIX_PATH=/opt/homebrew/Caskroom/miniforge/base/envs/ros2_fsae CONDA_PROMPT_MODIFIER=(ros2_fsae) SHLVL=3 _=/usr/bin/env /opt/homebrew/Caskroom/miniforge/base/envs/ros2_fsae/bin/cmake /Users/adi/Desktop/PycharmProjects/AutonomousGR/cpp_path_planning_code/src/pure_pursuit -DCMAKE_INSTALL_PREFIX=/Users/adi/Desktop/PycharmProjects/AutonomousGR/cpp_path_planning_code/install/pure_pursuit
[0.045s] CMake Deprecation Warning at CMakeLists.txt:1 (cmake_minimum_required):
[0.045s]   Compatibility with CMake < 3.10 will be removed from a future version of
[0.045s]   CMake.
[0.045s] 
[0.045s]   Update the VERSION argument <min> value.  Or, use the <min>...<max> syntax
[0.045s]   to tell CMake that the project requires at least <min> but has been updated
[0.045s]   to work with policies introduced by <max> or earlier.
[0.045s] 
[0.045s] 
[0.152s] -- The C compiler identification is AppleClang 17.0.0.17000603
[0.226s] -- The CXX compiler identification is AppleClang 17.0.0.17000603
[0.258s] -- Detecting C compiler ABI info
[0.405s] -- Detecting C compiler ABI info - done
[0.416s] -- Check for working C compiler: /usr/bin/cc - skipped
[0.416s] -- Detecting C compile features
[0.417s] -- Detecting C compile features - done
[0.424s] -- Detecting CXX compiler ABI info
[0.567s] -- Detecting CXX compiler ABI info - done
[0.578s] -- Check for working CXX compiler: /usr/bin/c++ - skipped
[0.579s] -- Detecting CXX compile features
[0.579s] -- Detecting CXX compile features - done
[0.601s] -- Found ament_cmake: 1.3.12 (/opt/homebrew/Caskroom/miniforge/base/envs/ros2_fsae/share/ament_cmake/cmake)
[0.706s] -- Found Python3: /opt/homebrew/Caskroom/miniforge/base/envs/ros2_fsae/bin/python3 (found version "3.11.14") found components: Interpreter
[0.953s] -- Found rclcpp: 16.0.13 (/opt/homebrew/Caskroom/miniforge/base/envs/ros2_fsae/share/rclcpp/cmake)
[1.162s] -- Found rosidl_generator_c: 3.1.6 (/opt/homebrew/Caskroom/miniforge/base/envs/ros2_fsae/share/rosidl_generator_c/cmake)
[1.192s] -- Found rosidl_adapter: 3.1.6 (/opt/homebrew/Caskroom/miniforge/base/envs/ros2_fsae/share/rosidl_adapter/cmake)
[1.227s] -- Found rosidl_generator_cpp: 3.1.6 (/opt/homebrew/Caskroom/miniforge/base/envs/ros2_fsae/share/rosidl_generator_cpp/cmake)
[1.266s] -- Using all available rosidl_typesupport_c: rosidl_typesupport_fastrtps_c;rosidl_typesupport_introspection_c
[1.321s] -- Using all available rosidl_typesupport_cpp: rosidl_typesupport_fastrtps_cpp;rosidl_typesupport_introspection_cpp
[1.514s] -- Checking for module 'yaml-0.1'
[1.613s] --   Found yaml-0.1, version 0.2.5
[1.926s] -- Found rmw_implementation_cmake: 6.1.2 (/opt/homebrew/Caskroom/miniforge/base/envs/ros2_fsae/share/rmw_implementation_cmake/cmake)
[1.941s] -- Found rmw_cyclonedds_cpp: 1.3.4 (/opt/homebrew/Caskroom/miniforge/base/envs/ros2_fsae/share/rmw_cyclonedds_cpp/cmake)
[2.046s] -- Using RMW implementation 'rmw_cyclonedds_cpp' as default
[2.088s] -- Performing Test CMAKE_HAVE_LIBC_PTHREAD
[2.236s] -- Performing Test CMAKE_HAVE_LIBC_PTHREAD - Success
[2.237s] -- Found Threads: TRUE
[2.348s] -- Found nav_msgs: 4.9.0 (/opt/homebrew/Caskroom/miniforge/base/envs/ros2_fsae/share/nav_msgs/cmake)
[2.450s] -- Found visualization_msgs: 4.9.0 (/opt/homebrew/Caskroom/miniforge/base/envs/ros2_fsae/share/visualization_msgs/cmake)
[2.522s] -- Found ackermann_msgs: 2.0.2 (/opt/homebrew/Caskroom/miniforge/base/envs/ros2_fsae/share/ackermann_msgs/cmake)
[2.549s] -- Found ament_lint_auto: 0.12.12 (/opt/homebrew/Caskroom/miniforge/base/envs/ros2_fsae/share/ament_lint_auto/cmake)
[2.717s] -- Added test 'copyright' to check source files copyright and LICENSE
[2.719s] -- Added test 'cppcheck' to perform static code analysis on C / C++ code
[2.719s] -- Configured cppcheck include dirs: $<BUILD_INTERFACE:/Users/adi/Desktop/PycharmProjects/AutonomousGR/cpp_path_planning_code/src/pure_pursuit/include>
[2.719s] -- Configured cppcheck exclude dirs and/or files: 
[2.721s] -- Added test 'cpplint' to check C / C++ code against the Google style
[2.721s] -- Configured cpplint exclude dirs and/or files: 
[2.722s] -- Added test 'lint_cmake' to check CMake code style
[2.724s] -- Added test 'uncrustify' to check C / C++ code style
[2.724s] -- Configured uncrustify additional arguments: 
[2.725s] -- Added test 'xmllint' to check XML markup files
[2.730s] -- Configuring done (2.7s)
[3.173s] -- Generating done (0.4s)
[3.223s] -- Build files have been written to: /Users/adi/Desktop/PycharmProjects/AutonomousGR/cpp_path_planning_code/build/pure_pursuit
[3.228s] Invoked command in '/Users/adi/Desktop/PycharmProjects/AutonomousGR/cpp_path_planning_code/build/pure_pursuit' returned '0': CMAKE_PREFIX_PATH=/opt/homebrew/Caskroom/miniforge/base/envs/ros2_fsae CONDA_PROMPT_MODIFIER=(ros2_fsae) SHLVL=3 _=/usr/bin/env /opt/homebrew/Caskroom/miniforge/base/envs/ros2_fsae/bin/cmake /Users/adi/Desktop/PycharmProjects/AutonomousGR/cpp_path_planning_code/src/pure_pursuit -DCMAKE_INSTALL_PREFIX=/Users/adi/Desktop/PycharmProjects/AutonomousGR/cpp_path_planning_code/install/pure_pursuit
[3.230s] Invoking command in '/Users/adi/Desktop/PycharmProjects/AutonomousGR/cpp_path_planning_code/build/pure_pursuit': CMAKE_PREFIX_PATH=/opt/homebrew/Caskroom/miniforge/base/envs/ros2_fsae CONDA_PROMPT_MODIFIER=(ros2_fsae) SHLVL=3 _=/usr/bin/env /opt/homebrew/Caskroom/miniforge/base/envs/ros2_fsae/bin/cmake --build /Users/adi/Desktop/PycharmProjects/AutonomousGR/cpp_path_planning_code/build/pure_pursuit -- -j14 -l14
[3.306s] [ 25%] Building CXX object CMakeFiles/pure_pursuit_lib.dir/src/pure_pursuit.cpp.o
[3.644s] /Users/adi/Desktop/PycharmProjects/AutonomousGR/cpp_path_planning_code/src/pure_pursuit/src/pure_pursuit.cpp:181:12: warning: unused parameter 'lookahead_distance' [-Wunused-parameter]
[3.644s]   181 |     double lookahead_distance) {
[3.644s]       |            ^
[3.714s] 1 warning generated.
[3.730s] [ 50%] Linking CXX shared library libpure_pursuit_lib.dylib
[3.780s] [ 50%] Built target pure_pursuit_lib
[3.810s] [ 75%] Building CXX object CMakeFiles/controller_node.dir/src/controller_node.cpp.o
[4.573s] /Users/adi/Desktop/PycharmProjects/AutonomousGR/cpp_path_planning_code/src/pure_pursuit/src/controller_node.cpp:286:88: warning: unused parameter 'state' [-Wunused-parameter]
[4.573s]   286 |     void publishTwist(const control::ControlCommand& cmd, const control::VehicleState& state) {
[4.573s]       |                                                                                        ^
[4.573s] /Users/adi/Desktop/PycharmProjects/AutonomousGR/cpp_path_planning_code/src/pure_pursuit/src/controller_node.cpp:315:54: warning: unused parameter 'state' [-Wunused-parameter]
[4.573s]   315 |     void publishMarkers(const control::VehicleState& state, 
[4.573s]       |                                                      ^
[4.817s] In file included from /Users/adi/Desktop/PycharmProjects/AutonomousGR/cpp_path_planning_code/src/pure_pursuit/src/controller_node.cpp:34:
[4.817s] In file included from /opt/homebrew/Caskroom/miniforge/base/envs/ros2_fsae/include/rclcpp/rclcpp/rclcpp.hpp:155:
[4.817s] In file included from /opt/homebrew/Caskroom/miniforge/base/envs/ros2_fsae/include/rclcpp/rclcpp/executors.hpp:21:
[4.817s] In file included from /opt/homebrew/Caskroom/miniforge/base/envs/ros2_fsae/include/rclcpp/rclcpp/executors/multi_threaded_executor.hpp:25:
[4.817s] In file included from /opt/homebrew/Caskroom/miniforge/base/envs/ros2_fsae/include/rclcpp/rclcpp/executor.hpp:37:
[4.817s] In file included from /opt/homebrew/Caskroom/miniforge/base/envs/ros2_fsae/include/rclcpp/rclcpp/executor_options.hpp:20:
[4.817s] In file included from /opt/homebrew/Caskroom/miniforge/base/envs/ros2_fsae/include/rclcpp/rclcpp/memory_strategies.hpp:18:
[4.817s] In file included from /opt/homebrew/Caskroom/miniforge/base/envs/ros2_fsae/include/rclcpp/rclcpp/memory_strategy.hpp:25:
[4.817s] In file included from /opt/homebrew/Caskroom/miniforge/base/envs/ros2_fsae/include/rclcpp/rclcpp/any_executable.hpp:20:
[4.817s] In file included from /opt/homebrew/Caskroom/miniforge/base/envs/ros2_fsae/include/rclcpp/rclcpp/callback_group.hpp:29:
[4.817s] In file included from /opt/homebrew/Caskroom/miniforge/base/envs/ros2_fsae/include/rclcpp/rclcpp/subscription_base.hpp:32:
[4.817s] /opt/homebrew/Caskroom/miniforge/base/envs/ros2_fsae/include/rclcpp/rclcpp/any_subscription_callback.hpp:391:7: warning: 'set_deprecated<nav_msgs::msg::Path_<std::allocator<void>>>' is deprecated: use 'void(std::shared_ptr<const MessageT>)' instead [-Wdeprecated-declarations]
[4.817s]   391 |       set_deprecated(static_cast<typename scbth::callback_type>(callback));
[4.817s]       |       ^
[4.817s] /opt/homebrew/Caskroom/miniforge/base/envs/ros2_fsae/include/rclcpp/rclcpp/subscription_factory.hpp:94:29: note: in instantiation of function template specialization 'rclcpp::AnySubscriptionCallback<nav_msgs::msg::Path_<std::allocator<void>>>::set<std::__bind<void (fsae::ros2::PurePursuitNode::*)(std::shared_ptr<nav_msgs::msg::Path_<std::allocator<void>>>), fsae::ros2::PurePursuitNode *, const std::placeholders::__ph<1> &>>' requested here
[4.817s]    94 |   any_subscription_callback.set(std::forward<CallbackT>(callback));
[4.817s]       |                             ^
[4.817s] /opt/homebrew/Caskroom/miniforge/base/envs/ros2_fsae/include/rclcpp/rclcpp/create_subscription.hpp:122:26: note: in instantiation of function template specialization 'rclcpp::create_subscription_factory<nav_msgs::msg::Path_<std::allocator<void>>, std::__bind<void (fsae::ros2::PurePursuitNode::*)(std::shared_ptr<nav_msgs::msg::Path_<std::allocator<void>>>), fsae::ros2::PurePursuitNode *, const std::placeholders::__ph<1> &>, std::allocator<void>, rclcpp::Subscription<nav_msgs::msg::Path_<std::allocator<void>>>, rclcpp::message_memory_strategy::MessageMemoryStrategy<nav_msgs::msg::Path_<std::allocator<void>>>, nav_msgs::msg::Path_<std::allocator<void>>>' requested here
[4.817s]   122 |   auto factory = rclcpp::create_subscription_factory<MessageT>(
[4.817s]       |                          ^
[4.817s] /opt/homebrew/Caskroom/miniforge/base/envs/ros2_fsae/include/rclcpp/rclcpp/create_subscription.hpp:190:26: note: in instantiation of function template specialization 'rclcpp::detail::create_subscription<nav_msgs::msg::Path_<std::allocator<void>>, std::__bind<void (fsae::ros2::PurePursuitNode::*)(std::shared_ptr<nav_msgs::msg::Path_<std::allocator<void>>>), fsae::ros2::PurePursuitNode *, const std::placeholders::__ph<1> &>, std::allocator<void>, rclcpp::Subscription<nav_msgs::msg::Path_<std::allocator<void>>>, rclcpp::message_memory_strategy::MessageMemoryStrategy<nav_msgs::msg::Path_<std::allocator<void>>>, rclcpp::Node, rclcpp::Node, nav_msgs::msg::Path_<std::allocator<void>>>' requested here
[4.818s]   190 |   return rclcpp::detail::create_subscription<
[4.818s]       |                          ^
[4.818s] /opt/homebrew/Caskroom/miniforge/base/envs/ros2_fsae/include/rclcpp/rclcpp/node_impl.hpp:99:18: note: in instantiation of function template specialization 'rclcpp::create_subscription<nav_msgs::msg::Path_<std::allocator<void>>, std::__bind<void (fsae::ros2::PurePursuitNode::*)(std::shared_ptr<nav_msgs::msg::Path_<std::allocator<void>>>), fsae::ros2::PurePursuitNode *, const std::placeholders::__ph<1> &>, std::allocator<void>, rclcpp::Subscription<nav_msgs::msg::Path_<std::allocator<void>>>, rclcpp::message_memory_strategy::MessageMemoryStrategy<nav_msgs::msg::Path_<std::allocator<void>>>, rclcpp::Node>' requested here
[4.818s]    99 |   return rclcpp::create_subscription<MessageT>(
[4.818s]       |                  ^
[4.818s] /Users/adi/Desktop/PycharmProjects/AutonomousGR/cpp_path_planning_code/src/pure_pursuit/src/controller_node.cpp:120:27: note: in instantiation of function template specialization 'rclcpp::Node::create_subscription<nav_msgs::msg::Path_<std::allocator<void>>, std::__bind<void (fsae::ros2::PurePursuitNode::*)(std::shared_ptr<nav_msgs::msg::Path_<std::allocator<void>>>), fsae::ros2::PurePursuitNode *, const std::placeholders::__ph<1> &>, std::allocator<void>, rclcpp::Subscription<nav_msgs::msg::Path_<std::allocator<void>>>, rclcpp::message_memory_strategy::MessageMemoryStrategy<nav_msgs::msg::Path_<std::allocator<void>>>>' requested here
[4.818s]   120 |         path_sub_ = this->create_subscription<nav_msgs::msg::Path>(
[4.818s]       |                           ^
[4.818s] /opt/homebrew/Caskroom/miniforge/base/envs/ros2_fsae/include/rclcpp/rclcpp/any_subscription_callback.hpp:405:5: note: 'set_deprecated<nav_msgs::msg::Path_<std::allocator<void>>>' has been explicitly marked deprecated here
[4.818s]   405 |   [[deprecated("use 'void(std::shared_ptr<const MessageT>)' instead")]]
[4.818s]       |     ^
[5.028s] /opt/homebrew/Caskroom/miniforge/base/envs/ros2_fsae/include/rclcpp/rclcpp/any_subscription_callback.hpp:391:7: warning: 'set_deprecated<std_msgs::msg::Float64MultiArray_<std::allocator<void>>>' is deprecated: use 'void(std::shared_ptr<const MessageT>)' instead [-Wdeprecated-declarations]
[5.028s]   391 |       set_deprecated(static_cast<typename scbth::callback_type>(callback));
[5.028s]       |       ^
[5.028s] /opt/homebrew/Caskroom/miniforge/base/envs/ros2_fsae/include/rclcpp/rclcpp/subscription_factory.hpp:94:29: note: in instantiation of function template specialization 'rclcpp::AnySubscriptionCallback<std_msgs::msg::Float64MultiArray_<std::allocator<void>>>::set<std::__bind<void (fsae::ros2::PurePursuitNode::*)(std::shared_ptr<std_msgs::msg::Float64MultiArray_<std::allocator<void>>>), fsae::ros2::PurePursuitNode *, const std::placeholders::__ph<1> &>>' requested here
[5.028s]    94 |   any_subscription_callback.set(std::forward<CallbackT>(callback));
[5.028s]       |                             ^
[5.028s] /opt/homebrew/Caskroom/miniforge/base/envs/ros2_fsae/include/rclcpp/rclcpp/create_subscription.hpp:122:26: note: in instantiation of function template specialization 'rclcpp::create_subscription_factory<std_msgs::msg::Float64MultiArray_<std::allocator<void>>, std::__bind<void (fsae::ros2::PurePursuitNode::*)(std::shared_ptr<std_msgs::msg::Float64MultiArray_<std::allocator<void>>>), fsae::ros2::PurePursuitNode *, const std::placeholders::__ph<1> &>, std::allocator<void>, rclcpp::Subscription<std_msgs::msg::Float64MultiArray_<std::allocator<void>>>, rclcpp::message_memory_strategy::MessageMemoryStrategy<std_msgs::msg::Float64MultiArray_<std::allocator<void>>>, std_msgs::msg::Float64MultiArray_<std::allocator<void>>>' requested here
[5.028s]   122 |   auto factory = rclcpp::create_subscription_factory<MessageT>(
[5.028s]       |                          ^
[5.028s] /opt/homebrew/Caskroom/miniforge/base/envs/ros2_fsae/include/rclcpp/rclcpp/create_subscription.hpp:190:26: note: in instantiation of function template specialization 'rclcpp::detail::create_subscription<std_msgs::msg::Float64MultiArray_<std::allocator<void>>, std::__bind<void (fsae::ros2::PurePursuitNode::*)(std::shared_ptr<std_msgs::msg::Float64MultiArray_<std::allocator<void>>>), fsae::ros2::PurePursuitNode *, const std::placeholders::__ph<1> &>, std::allocator<void>, rclcpp::Subscription<std_msgs::msg::Float64MultiArray_<std::allocator<void>>>, rclcpp::message_memory_strategy::MessageMemoryStrategy<std_msgs::msg::Float64MultiArray_<std::allocator<void>>>, rclcpp::Node, rclcpp::Node, std_msgs::msg::Float64MultiArray_<std::allocator<void>>>' requested here
[5.028s]   190 |   return rclcpp::detail::create_subscription<
[5.028s]       |                          ^
[5.028s] /opt/homebrew/Caskroom/miniforge/base/envs/ros2_fsae/include/rclcpp/rclcpp/node_impl.hpp:99:18: note: in instantiation of function template specialization 'rclcpp::create_subscription<std_msgs::msg::Float64MultiArray_<std::allocator<void>>, std::__bind<void (fsae::ros2::PurePursuitNode::*)(std::shared_ptr<std_msgs::msg::Float64MultiArray_<std::allocator<void>>>), fsae::ros2::PurePursuitNode *, const std::placeholders::__ph<1> &>, std::allocator<void>, rclcpp::Subscription<std_msgs::msg::Float64MultiArray_<std::allocator<void>>>, rclcpp::message_memory_strategy::MessageMemoryStrategy<std_msgs::msg::Float64MultiArray_<std::allocator<void>>>, rclcpp::Node>' requested here
[5.028s]    99 |   return rclcpp::create_subscription<MessageT>(
[5.028s]       |                  ^
[5.028s] /Users/adi/Desktop/PycharmProjects/AutonomousGR/cpp_path_planning_code/src/pure_pursuit/src/controller_node.cpp:124:28: note: in instantiation of function template specialization 'rclcpp::Node::create_subscription<std_msgs::msg::Float64MultiArray_<std::allocator<void>>, std::__bind<void (fsae::ros2::PurePursuitNode::*)(std::shared_ptr<std_msgs::msg::Float64MultiArray_<std::allocator<void>>>), fsae::ros2::PurePursuitNode *, const std::placeholders::__ph<1> &>, std::allocator<void>, rclcpp::Subscription<std_msgs::msg::Float64MultiArray_<std::allocator<void>>>, rclcpp::message_memory_strategy::MessageMemoryStrategy<std_msgs::msg::Float64MultiArray_<std::allocator<void>>>>' requested here
[5.028s]   124 |         speed_sub_ = this->create_subscription<std_msgs::msg::Float64MultiArray>(
[5.029s]       |                            ^
[5.029s] /opt/homebrew/Caskroom/miniforge/base/envs/ros2_fsae/include/rclcpp/rclcpp/any_subscription_callback.hpp:405:5: note: 'set_deprecated<std_msgs::msg::Float64MultiArray_<std::allocator<void>>>' has been explicitly marked deprecated here
[5.029s]   405 |   [[deprecated("use 'void(std::shared_ptr<const MessageT>)' instead")]]
[5.029s]       |     ^
[5.183s] /opt/homebrew/Caskroom/miniforge/base/envs/ros2_fsae/include/rclcpp/rclcpp/any_subscription_callback.hpp:391:7: warning: 'set_deprecated<nav_msgs::msg::Odometry_<std::allocator<void>>>' is deprecated: use 'void(std::shared_ptr<const MessageT>)' instead [-Wdeprecated-declarations]
[5.183s]   391 |       set_deprecated(static_cast<typename scbth::callback_type>(callback));
[5.183s]       |       ^
[5.183s] /opt/homebrew/Caskroom/miniforge/base/envs/ros2_fsae/include/rclcpp/rclcpp/subscription_factory.hpp:94:29: note: in instantiation of function template specialization 'rclcpp::AnySubscriptionCallback<nav_msgs::msg::Odometry_<std::allocator<void>>>::set<std::__bind<void (fsae::ros2::PurePursuitNode::*)(std::shared_ptr<nav_msgs::msg::Odometry_<std::allocator<void>>>), fsae::ros2::PurePursuitNode *, const std::placeholders::__ph<1> &>>' requested here
[5.183s]    94 |   any_subscription_callback.set(std::forward<CallbackT>(callback));
[5.183s]       |                             ^
[5.183s] /opt/homebrew/Caskroom/miniforge/base/envs/ros2_fsae/include/rclcpp/rclcpp/create_subscription.hpp:122:26: note: in instantiation of function template specialization 'rclcpp::create_subscription_factory<nav_msgs::msg::Odometry_<std::allocator<void>>, std::__bind<void (fsae::ros2::PurePursuitNode::*)(std::shared_ptr<nav_msgs::msg::Odometry_<std::allocator<void>>>), fsae::ros2::PurePursuitNode *, const std::placeholders::__ph<1> &>, std::allocator<void>, rclcpp::Subscription<nav_msgs::msg::Odometry_<std::allocator<void>>>, rclcpp::message_memory_strategy::MessageMemoryStrategy<nav_msgs::msg::Odometry_<std::allocator<void>>>, nav_msgs::msg::Odometry_<std::allocator<void>>>' requested here
[5.183s]   122 |   auto factory = rclcpp::create_subscription_factory<MessageT>(
[5.183s]       |                          ^
[5.183s] /opt/homebrew/Caskroom/miniforge/base/envs/ros2_fsae/include/rclcpp/rclcpp/create_subscription.hpp:190:26: note: in instantiation of function template specialization 'rclcpp::detail::create_subscription<nav_msgs::msg::Odometry_<std::allocator<void>>, std::__bind<void (fsae::ros2::PurePursuitNode::*)(std::shared_ptr<nav_msgs::msg::Odometry_<std::allocator<void>>>), fsae::ros2::PurePursuitNode *, const std::placeholders::__ph<1> &>, std::allocator<void>, rclcpp::Subscription<nav_msgs::msg::Odometry_<std::allocator<void>>>, rclcpp::message_memory_strategy::MessageMemoryStrategy<nav_msgs::msg::Odometry_<std::allocator<void>>>, rclcpp::Node, rclcpp::Node, nav_msgs::msg::Odometry_<std::allocator<void>>>' requested here
[5.183s]   190 |   return rclcpp::detail::create_subscription<
[5.183s]       |                          ^
[5.183s] /opt/homebrew/Caskroom/miniforge/base/envs/ros2_fsae/include/rclcpp/rclcpp/node_impl.hpp:99:18: note: in instantiation of function template specialization 'rclcpp::create_subscription<nav_msgs::msg::Odometry_<std::allocator<void>>, std::__bind<void (fsae::ros2::PurePursuitNode::*)(std::shared_ptr<nav_msgs::msg::Odometry_<std::allocator<void>>>), fsae::ros2::PurePursuitNode *, const std::placeholders::__ph<1> &>, std::allocator<void>, rclcpp::Subscription<nav_msgs::msg::Odometry_<std::allocator<void>>>, rclcpp::message_memory_strategy::MessageMemoryStrategy<nav_msgs::msg::Odometry_<std::allocator<void>>>, rclcpp::Node>' requested here
[5.183s]    99 |   return rclcpp::create_subscription<MessageT>(
[5.183s]       |                  ^
[5.183s] /Users/adi/Desktop/PycharmProjects/AutonomousGR/cpp_path_planning_code/src/pure_pursuit/src/controller_node.cpp:128:27: note: in instantiation of function template specialization 'rclcpp::Node::create_subscription<nav_msgs::msg::Odometry_<std::allocator<void>>, std::__bind<void (fsae::ros2::PurePursuitNode::*)(std::shared_ptr<nav_msgs::msg::Odometry_<std::allocator<void>>>), fsae::ros2::PurePursuitNode *, const std::placeholders::__ph<1> &>, std::allocator<void>, rclcpp::Subscription<nav_msgs::msg::Odometry_<std::allocator<void>>>, rclcpp::message_memory_strategy::MessageMemoryStrategy<nav_msgs::msg::Odometry_<std::allocator<void>>>>' requested here
[5.183s]   128 |         odom_sub_ = this->create_subscription<nav_msgs::msg::Odometry>(
[5.183s]       |                           ^
[5.183s] /opt/homebrew/Caskroom/miniforge/base/envs/ros2_fsae/include/rclcpp/rclcpp/any_subscription_callback.hpp:405:5: note: 'set_deprecated<nav_msgs::msg::Odometry_<std::allocator<void>>>' has been explicitly marked deprecated here
[5.183s]   405 |   [[deprecated("use 'void(std::shared_ptr<const MessageT>)' instead")]]
[5.183s]       |     ^
[7.936s] 5 warnings generated.
[7.958s] [100%] Linking CXX executable controller_node
[8.011s] [100%] Built target controller_node
[8.021s] Invoked command in '/Users/adi/Desktop/PycharmProjects/AutonomousGR/cpp_path_planning_code/build/pure_pursuit' returned '0': CMAKE_PREFIX_PATH=/opt/homebrew/Caskroom/miniforge/base/envs/ros2_fsae CONDA_PROMPT_MODIFIER=(ros2_fsae) SHLVL=3 _=/usr/bin/env /opt/homebrew/Caskroom/miniforge/base/envs/ros2_fsae/bin/cmake --build /Users/adi/Desktop/PycharmProjects/AutonomousGR/cpp_path_planning_code/build/pure_pursuit -- -j14 -l14
[8.022s] Invoking command in '/Users/adi/Desktop/PycharmProjects/AutonomousGR/cpp_path_planning_code/build/pure_pursuit': CMAKE_PREFIX_PATH=/opt/homebrew/Caskroom/miniforge/base/envs/ros2_fsae CONDA_PROMPT_MODIFIER=(ros2_fsae) SHLVL=3 _=/usr/bin/env /opt/homebrew/Caskroom/miniforge/base/envs/ros2_fsae/bin/cmake --install /Users/adi/Desktop/PycharmProjects/AutonomousGR/cpp_path_planning_code/build/pure_pursuit
[8.032s] -- Install configuration: ""
[8.032s] -- Installing: /Users/adi/Desktop/PycharmProjects/AutonomousGR/cpp_path_planning_code/install/pure_pursuit/lib/libpure_pursuit_lib.dylib
[8.032s] -- Installing: /Users/adi/Desktop/PycharmProjects/AutonomousGR/cpp_path_planning_code/install/pure_pursuit/lib/pure_pursuit/controller_node
[8.041s] -- Installing: /Users/adi/Desktop/PycharmProjects/AutonomousGR/cpp_path_planning_code/install/pure_pursuit/include
[8.041s] -- Installing: /Users/adi/Desktop/PycharmProjects/AutonomousGR/cpp_path_planning_code/install/pure_pursuit/include/.DS_Store
[8.041s] -- Installing: /Users/adi/Desktop/PycharmProjects/AutonomousGR/cpp_path_planning_code/install/pure_pursuit/include/pure_pursuit
[8.041s] -- Installing: /Users/adi/Desktop/PycharmProjects/AutonomousGR/cpp_path_planning_code/install/pure_pursuit/include/pure_pursuit/pure_pursuit.hpp
[8.041s] -- Installing: /Users/adi/Desktop/PycharmProjects/AutonomousGR/cpp_path_planning_code/install/pure_pursuit/share/pure_pursuit/launch
[8.041s] -- Installing: /Users/adi/Desktop/PycharmProjects/AutonomousGR/cpp_path_planning_code/install/pure_pursuit/share/pure_pursuit/config
[8.042s] -- Installing: /Users/adi/Desktop/PycharmProjects/AutonomousGR/cpp_path_planning_code/install/pure_pursuit/share/ament_index/resource_index/package_run_dependencies/pure_pursuit
[8.042s] -- Installing: /Users/adi/Desktop/PycharmProjects/AutonomousGR/cpp_path_planning_code/install/pure_pursuit/share/ament_index/resource_index/parent_prefix_path/pure_pursuit
[8.043s] -- Installing: /Users/adi/Desktop/PycharmProjects/AutonomousGR/cpp_path_planning_code/install/pure_pursuit/share/pure_pursuit/environment/ament_prefix_path.sh
[8.043s] -- Installing: /Users/adi/Desktop/PycharmProjects/AutonomousGR/cpp_path_planning_code/install/pure_pursuit/share/pure_pursuit/environment/ament_prefix_path.dsv
[8.043s] -- Installing: /Users/adi/Desktop/PycharmProjects/AutonomousGR/cpp_path_planning_code/install/pure_pursuit/share/pure_pursuit/environment/path.sh
[8.043s] -- Installing: /Users/adi/Desktop/PycharmProjects/AutonomousGR/cpp_path_planning_code/install/pure_pursuit/share/pure_pursuit/environment/path.dsv
[8.044s] -- Installing: /Users/adi/Desktop/PycharmProjects/AutonomousGR/cpp_path_planning_code/install/pure_pursuit/share/pure_pursuit/local_setup.bash
[8.044s] -- Installing: /Users/adi/Desktop/PycharmProjects/AutonomousGR/cpp_path_planning_code/install/pure_pursuit/share/pure_pursuit/local_setup.sh
[8.044s] -- Installing: /Users/adi/Desktop/PycharmProjects/AutonomousGR/cpp_path_planning_code/install/pure_pursuit/share/pure_pursuit/local_setup.zsh
[8.044s] -- Installing: /Users/adi/Desktop/PycharmProjects/AutonomousGR/cpp_path_planning_code/install/pure_pursuit/share/pure_pursuit/local_setup.dsv
[8.044s] -- Installing: /Users/adi/Desktop/PycharmProjects/AutonomousGR/cpp_path_planning_code/install/pure_pursuit/share/pure_pursuit/package.dsv
[8.045s] -- Installing: /Users/adi/Desktop/PycharmProjects/AutonomousGR/cpp_path_planning_code/install/pure_pursuit/share/ament_index/resource_index/packages/pure_pursuit
[8.045s] -- Installing: /Users/adi/Desktop/PycharmProjects/AutonomousGR/cpp_path_planning_code/install/pure_pursuit/share/pure_pursuit/cmake/export_pure_pursuitExport.cmake
[8.045s] -- Installing: /Users/adi/Desktop/PycharmProjects/AutonomousGR/cpp_path_planning_code/install/pure_pursuit/share/pure_pursuit/cmake/export_pure_pursuitExport-noconfig.cmake
[8.045s] -- Installing: /Users/adi/Desktop/PycharmProjects/AutonomousGR/cpp_path_planning_code/install/pure_pursuit/share/pure_pursuit/cmake/ament_cmake_export_include_directories-extras.cmake
[8.046s] -- Installing: /Users/adi/Desktop/PycharmProjects/AutonomousGR/cpp_path_planning_code/install/pure_pursuit/share/pure_pursuit/cmake/ament_cmake_export_libraries-extras.cmake
[8.046s] -- Installing: /Users/adi/Desktop/PycharmProjects/AutonomousGR/cpp_path_planning_code/install/pure_pursuit/share/pure_pursuit/cmake/ament_cmake_export_targets-extras.cmake
[8.046s] -- Installing: /Users/adi/Desktop/PycharmProjects/AutonomousGR/cpp_path_planning_code/install/pure_pursuit/share/pure_pursuit/cmake/pure_pursuitConfig.cmake
[8.046s] -- Installing: /Users/adi/Desktop/PycharmProjects/AutonomousGR/cpp_path_planning_code/install/pure_pursuit/share/pure_pursuit/cmake/pure_pursuitConfig-version.cmake
[8.047s] -- Installing: /Users/adi/Desktop/PycharmProjects/AutonomousGR/cpp_path_planning_code/install/pure_pursuit/share/pure_pursuit/package.xml
[8.048s] Invoked command in '/Users/adi/Desktop/PycharmProjects/AutonomousGR/cpp_path_planning_code/build/pure_pursuit' returned '0': CMAKE_PREFIX_PATH=/opt/homebrew/Caskroom/miniforge/base/envs/ros2_fsae CONDA_PROMPT_MODIFIER=(ros2_fsae) SHLVL=3 _=/usr/bin/env /opt/homebrew/Caskroom/miniforge/base/envs/ros2_fsae/bin/cmake --install /Users/adi/Desktop/PycharmProjects/AutonomousGR/cpp_path_planning_code/build/pure_pursuit
